<?xml version="1.0" encoding="UTF-8"?>
<testsuite xmlns:xsi="http://www.w3.org/2001/XMLSchema-instance" xsi:noNamespaceSchemaLocation="https://maven.apache.org/surefire/maven-surefire-plugin/xsd/surefire-test-report-3.0.xsd" version="3.0" name="com.library.service.LibraryServiceTest$BookReturningTests" time="0.004" tests="2" errors="0" skipped="0" failures="0">
  <properties>
    <property name="java.specification.version" value="24"/>
    <property name="sun.jnu.encoding" value="UTF-8"/>
    <property name="java.class.path" value="/Users/alpha/Desktop/javas/library-management-system/target/test-classes:/Users/alpha/Desktop/javas/library-management-system/target/classes:/Users/alpha/.m2/repository/org/junit/jupiter/junit-jupiter-api/5.9.2/junit-jupiter-api-5.9.2.jar:/Users/alpha/.m2/repository/org/opentest4j/opentest4j/1.2.0/opentest4j-1.2.0.jar:/Users/alpha/.m2/repository/org/junit/platform/junit-platform-commons/1.9.2/junit-platform-commons-1.9.2.jar:/Users/alpha/.m2/repository/org/apiguardian/apiguardian-api/1.1.2/apiguardian-api-1.1.2.jar:/Users/alpha/.m2/repository/org/junit/jupiter/junit-jupiter-engine/5.9.2/junit-jupiter-engine-5.9.2.jar:/Users/alpha/.m2/repository/org/junit/platform/junit-platform-engine/1.9.2/junit-platform-engine-1.9.2.jar:/Users/alpha/.m2/repository/org/junit/jupiter/junit-jupiter-params/5.9.2/junit-jupiter-params-5.9.2.jar:"/>
    <property name="java.vm.vendor" value="Homebrew"/>
    <property name="sun.arch.data.model" value="64"/>
    <property name="java.vendor.url" value="https://github.com/Homebrew/homebrew-core/issues"/>
    <property name="user.timezone" value="Asia/Kolkata"/>
    <property name="os.name" value="Mac OS X"/>
    <property name="java.vm.specification.version" value="24"/>
    <property name="sun.java.launcher" value="SUN_STANDARD"/>
    <property name="user.country" value="US"/>
    <property name="sun.boot.library.path" value="/opt/homebrew/Cellar/openjdk/24.0.1/libexec/openjdk.jdk/Contents/Home/lib"/>
    <property name="sun.java.command" value="/Users/alpha/Desktop/javas/library-management-system/target/surefire/surefirebooter-20250702211443363_3.jar /Users/alpha/Desktop/javas/library-management-system/target/surefire 2025-07-02T21-14-43_233-jvmRun1 surefire-20250702211443363_1tmp surefire_0-20250702211443363_2tmp"/>
    <property name="http.nonProxyHosts" value="local|*.local|169.254/16|*.169.254/16"/>
    <property name="jdk.debug" value="release"/>
    <property name="surefire.test.class.path" value="/Users/alpha/Desktop/javas/library-management-system/target/test-classes:/Users/alpha/Desktop/javas/library-management-system/target/classes:/Users/alpha/.m2/repository/org/junit/jupiter/junit-jupiter-api/5.9.2/junit-jupiter-api-5.9.2.jar:/Users/alpha/.m2/repository/org/opentest4j/opentest4j/1.2.0/opentest4j-1.2.0.jar:/Users/alpha/.m2/repository/org/junit/platform/junit-platform-commons/1.9.2/junit-platform-commons-1.9.2.jar:/Users/alpha/.m2/repository/org/apiguardian/apiguardian-api/1.1.2/apiguardian-api-1.1.2.jar:/Users/alpha/.m2/repository/org/junit/jupiter/junit-jupiter-engine/5.9.2/junit-jupiter-engine-5.9.2.jar:/Users/alpha/.m2/repository/org/junit/platform/junit-platform-engine/1.9.2/junit-platform-engine-1.9.2.jar:/Users/alpha/.m2/repository/org/junit/jupiter/junit-jupiter-params/5.9.2/junit-jupiter-params-5.9.2.jar:"/>
    <property name="sun.cpu.endian" value="little"/>
    <property name="user.home" value="/Users/alpha"/>
    <property name="user.language" value="en"/>
    <property name="java.specification.vendor" value="Oracle Corporation"/>
    <property name="java.version.date" value="2025-04-15"/>
    <property name="java.home" value="/opt/homebrew/Cellar/openjdk/24.0.1/libexec/openjdk.jdk/Contents/Home"/>
    <property name="file.separator" value="/"/>
    <property name="basedir" value="/Users/alpha/Desktop/javas/library-management-system"/>
    <property name="java.vm.compressedOopsMode" value="Zero based"/>
    <property name="line.separator" value="&#10;"/>
    <property name="java.vm.specification.vendor" value="Oracle Corporation"/>
    <property name="java.specification.name" value="Java Platform API Specification"/>
    <property name="apple.awt.application.name" value="ForkedBooter"/>
    <property name="surefire.real.class.path" value="/Users/alpha/Desktop/javas/library-management-system/target/surefire/surefirebooter-20250702211443363_3.jar"/>
    <property name="sun.management.compiler" value="HotSpot 64-Bit Tiered Compilers"/>
    <property name="ftp.nonProxyHosts" value="local|*.local|169.254/16|*.169.254/16"/>
    <property name="java.runtime.version" value="24.0.1"/>
    <property name="user.name" value="alpha"/>
    <property name="stdout.encoding" value="UTF-8"/>
    <property name="path.separator" value=":"/>
    <property name="os.version" value="15.5"/>
    <property name="java.runtime.name" value="OpenJDK Runtime Environment"/>
    <property name="file.encoding" value="UTF-8"/>
    <property name="java.vm.name" value="OpenJDK 64-Bit Server VM"/>
    <property name="java.vendor.version" value="Homebrew"/>
    <property name="localRepository" value="/Users/alpha/.m2/repository"/>
    <property name="java.vendor.url.bug" value="https://github.com/Homebrew/homebrew-core/issues"/>
    <property name="java.io.tmpdir" value="/var/folders/nw/lwkmsb094jg8tqwd19bf86gw0000gn/T/"/>
    <property name="java.version" value="24.0.1"/>
    <property name="user.dir" value="/Users/alpha/Desktop/javas/library-management-system"/>
    <property name="os.arch" value="aarch64"/>
    <property name="java.vm.specification.name" value="Java Virtual Machine Specification"/>
    <property name="native.encoding" value="UTF-8"/>
    <property name="java.library.path" value="/Users/alpha/Library/Java/Extensions:/Library/Java/Extensions:/Network/Library/Java/Extensions:/System/Library/Java/Extensions:/usr/lib/java:."/>
    <property name="java.vm.info" value="mixed mode, sharing"/>
    <property name="stderr.encoding" value="UTF-8"/>
    <property name="java.vendor" value="Homebrew"/>
    <property name="java.vm.version" value="24.0.1"/>
    <property name="sun.io.unicode.encoding" value="UnicodeBig"/>
    <property name="socksNonProxyHosts" value="local|*.local|169.254/16|*.169.254/16"/>
    <property name="java.class.version" value="68.0"/>
  </properties>
  <testcase name="testReturnBookNotBorrowed" classname="com.library.service.LibraryServiceTest$BookReturningTests" time="0">
    <system-out><![CDATA[
⚙️ Setting up test data...
Book added successfully: Effective Java
Book added successfully: Head First Design Patterns
Book added successfully: Effective C++
Book added successfully: Clean Code
Book added successfully: The Pragmatic Programmer
Member added successfully: John Doe
Member added successfully: Jane Smith
Member added successfully: Bob Johnson
Sample data initialized successfully!
📚 Test book created: Test Book
👤 Test member created: Test User
🧪 Running: Should fail to return book not borrowed by member
Book added successfully: Test Book
Member added successfully: Test User
Member has not borrowed this book: Test Book
⚠️ Return correctly failed for non-borrowed book
✅ Book return validation working correctly
🧹 Test cleanup completed.

]]></system-out>
  </testcase>
  <testcase name="testReturnBookSuccess" classname="com.library.service.LibraryServiceTest$BookReturningTests" time="0.002">
    <system-out><![CDATA[
⚙️ Setting up test data...
Book added successfully: Effective Java
Book added successfully: Head First Design Patterns
Book added successfully: Effective C++
Book added successfully: Clean Code
Book added successfully: The Pragmatic Programmer
Member added successfully: John Doe
Member added successfully: Jane Smith
Member added successfully: Bob Johnson
Sample data initialized successfully!
📚 Test book created: Test Book
👤 Test member created: Test User
🧪 Running: Should return book successfully when borrowed
Book added successfully: Test Book
Member added successfully: Test User
Book borrowed successfully: Test Book by Test User
📚 Book borrowed first
📊 Book available before return: false
📊 Member's borrowed books before return: 1
Book returned successfully: Test Book by Test User
📚 Book available after return: true
📊 Member's borrowed books after return: 0
✅ Book return completed successfully
🧹 Test cleanup completed.

]]></system-out>
  </testcase>
</testsuite>